<?xml version="1.0" encoding="UTF-8"?>
<coverage generated="1687302092">
  <project timestamp="1687302092">
    <file name="/var/www/html/src/EricksonReyes/Pagination/Pagination.php">
      <class name="EricksonReyes\Pagination\Pagination" namespace="global">
        <metrics complexity="44" methods="20" coveredmethods="20" conditionals="0" coveredconditionals="0" statements="60" coveredstatements="60" elements="80" coveredelements="80"/>
      </class>
      <line num="50" type="method" name="__construct" visibility="public" complexity="1" crap="1" count="26"/>
      <line num="56" type="stmt" count="26"/>
      <line num="66" type="method" name="create" visibility="public" complexity="1" crap="1" count="1"/>
      <line num="72" type="stmt" count="1"/>
      <line num="78" type="method" name="numberOfPages" visibility="public" complexity="2" crap="2" count="22"/>
      <line num="80" type="stmt" count="22"/>
      <line num="81" type="stmt" count="1"/>
      <line num="83" type="stmt" count="21"/>
      <line num="89" type="method" name="numberOfVisiblePages" visibility="public" complexity="1" crap="1" count="21"/>
      <line num="91" type="stmt" count="21"/>
      <line num="97" type="method" name="recordsFound" visibility="public" complexity="1" crap="1" count="26"/>
      <line num="99" type="stmt" count="26"/>
      <line num="105" type="method" name="recordsPerPage" visibility="public" complexity="1" crap="1" count="22"/>
      <line num="107" type="stmt" count="22"/>
      <line num="113" type="method" name="currentPage" visibility="public" complexity="1" crap="1" count="21"/>
      <line num="115" type="stmt" count="21"/>
      <line num="121" type="method" name="hasFirstPage" visibility="public" complexity="1" crap="1" count="1"/>
      <line num="123" type="stmt" count="1"/>
      <line num="129" type="method" name="firstPage" visibility="public" complexity="4" crap="4" count="3"/>
      <line num="131" type="stmt" count="3"/>
      <line num="132" type="stmt" count="3"/>
      <line num="133" type="stmt" count="3"/>
      <line num="135" type="stmt" count="1"/>
      <line num="138" type="stmt" count="2"/>
      <line num="144" type="method" name="hasPreviousPage" visibility="public" complexity="1" crap="1" count="1"/>
      <line num="146" type="stmt" count="1"/>
      <line num="152" type="method" name="previousPage" visibility="public" complexity="4" crap="4" count="3"/>
      <line num="154" type="stmt" count="3"/>
      <line num="155" type="stmt" count="3"/>
      <line num="156" type="stmt" count="3"/>
      <line num="158" type="stmt" count="2"/>
      <line num="161" type="stmt" count="1"/>
      <line num="167" type="method" name="hasPages" visibility="public" complexity="1" crap="1" count="1"/>
      <line num="169" type="stmt" count="1"/>
      <line num="175" type="method" name="pages" visibility="public" complexity="1" crap="1" count="5"/>
      <line num="177" type="stmt" count="5"/>
      <line num="184" type="method" name="nextPage" visibility="public" complexity="5" crap="5" count="3"/>
      <line num="186" type="stmt" count="3"/>
      <line num="187" type="stmt" count="3"/>
      <line num="188" type="stmt" count="3"/>
      <line num="189" type="stmt" count="3"/>
      <line num="191" type="stmt" count="1"/>
      <line num="193" type="stmt" count="2"/>
      <line num="199" type="method" name="hasNextPage" visibility="public" complexity="1" crap="1" count="1"/>
      <line num="201" type="stmt" count="1"/>
      <line num="208" type="method" name="lastPage" visibility="public" complexity="5" crap="5" count="22"/>
      <line num="210" type="stmt" count="22"/>
      <line num="211" type="stmt" count="22"/>
      <line num="212" type="stmt" count="22"/>
      <line num="213" type="stmt" count="22"/>
      <line num="215" type="stmt" count="4"/>
      <line num="218" type="stmt" count="19"/>
      <line num="224" type="method" name="currentPageIsLessThanZero" visibility="private" complexity="1" crap="1" count="19"/>
      <line num="226" type="stmt" count="19"/>
      <line num="232" type="method" name="hasLastPage" visibility="public" complexity="1" crap="1" count="1"/>
      <line num="234" type="stmt" count="1"/>
      <line num="241" type="method" name="calculatePages" visibility="private" complexity="8" crap="8" count="26"/>
      <line num="243" type="stmt" count="26"/>
      <line num="244" type="stmt" count="21"/>
      <line num="245" type="stmt" count="21"/>
      <line num="246" type="stmt" count="21"/>
      <line num="247" type="stmt" count="21"/>
      <line num="249" type="stmt" count="21"/>
      <line num="250" type="stmt" count="2"/>
      <line num="253" type="stmt" count="21"/>
      <line num="254" type="stmt" count="2"/>
      <line num="255" type="stmt" count="2"/>
      <line num="258" type="stmt" count="21"/>
      <line num="259" type="stmt" count="21"/>
      <line num="260" type="stmt" count="16"/>
      <line num="261" type="stmt" count="16"/>
      <line num="264" type="stmt" count="21"/>
      <line num="265" type="stmt" count="1"/>
      <line num="268" type="stmt" count="21"/>
      <line num="276" type="method" name="recordsFoundOrPerPageIsZero" visibility="private" complexity="3" crap="3" count="26"/>
      <line num="278" type="stmt" count="26"/>
      <line num="279" type="stmt" count="4"/>
      <line num="282" type="stmt" count="22"/>
      <line num="283" type="stmt" count="1"/>
      <line num="285" type="stmt" count="21"/>
      <metrics loc="288" ncloc="186" classes="1" methods="20" coveredmethods="20" conditionals="0" coveredconditionals="0" statements="60" coveredstatements="60" elements="80" coveredelements="80"/>
    </file>
    <file name="/var/www/html/src/EricksonReyes/Pagination/PaginationInterface.php">
      <metrics loc="86" ncloc="37" classes="0" methods="0" coveredmethods="0" conditionals="0" coveredconditionals="0" statements="0" coveredstatements="0" elements="0" coveredelements="0"/>
    </file>
    <metrics files="2" loc="374" ncloc="223" classes="1" methods="20" coveredmethods="20" conditionals="0" coveredconditionals="0" statements="60" coveredstatements="60" elements="80" coveredelements="80"/>
  </project>
</coverage>
